2016-02-19 15:33:29 - MOD: MOD TESTE
FILE: catalog/controller/common/home.php
CODE: $data['footer'] = $this->load->controller('common/footer');
LINE: 16
----------------------------------------------------------------
MOD: Export/Import Tool (V2.29) for OpenCart 2.x
FILE: admin/controller/common/menu.php
CODE: $data['text_backup'] = $this->language->get('text_backup');
LINE: 57
CODE: $data['backup'] = $this->url->link('tool/backup', 'token=' . $this->session->data['token'], 'SSL');
LINE: 164
FILE: admin/language/english/common/menu.php
CODE: $_['text_backup']
LINE: 9
FILE: admin/language/portuguese-br/common/menu.php
CODE: $_['text_backup']
LINE: 9
FILE: admin/view/template/common/menu.tpl
CODE: <li><a href="<?php echo $backup; ?>"><?php echo $text_backup; ?></a></li>
LINE: 173
----------------------------------------------------------------
MOD: Instalador sem FTP
FILE: admin/controller/extension/installer.php
CODE: public function ftp() {
LINE: 367
CODE: public function sql() {
LINE: 614
----------------------------------------------------------------
MOD: MOD TESTE
CODE: $data['footer'] = $this->load->controller('common/footer');
LINE: 16
----------------------------------------------------------------
2016-03-02 15:42:21 - MOD: MOD TESTE
FILE: catalog/controller/common/home.php
CODE: $data['footer'] = $this->load->controller('common/footer');
LINE: 16
----------------------------------------------------------------
MOD: Instalador sem FTP
FILE: admin/controller/extension/installer.php
CODE: public function ftp() {
LINE: 367
CODE: public function sql() {
LINE: 614
----------------------------------------------------------------
2016-03-02 15:42:37 - MOD: MOD TESTE
FILE: catalog/controller/common/home.php
CODE: $data['footer'] = $this->load->controller('common/footer');
LINE: 16
----------------------------------------------------------------
MOD: Instalador sem FTP
FILE: admin/controller/extension/installer.php
CODE: public function ftp() {
LINE: 367
CODE: public function sql() {
LINE: 614
----------------------------------------------------------------
MOD: MOD TESTE
CODE: $data['footer'] = $this->load->controller('common/footer');
LINE: 16
----------------------------------------------------------------
2016-03-02 15:43:13 - MOD: MOD TESTE
FILE: catalog/controller/common/home.php
CODE: $data['footer'] = $this->load->controller('common/footer');
LINE: 16
----------------------------------------------------------------
MOD: Instalador sem FTP
FILE: admin/controller/extension/installer.php
CODE: public function ftp() {
LINE: 367
CODE: public function sql() {
LINE: 614
----------------------------------------------------------------
MOD: MOD TESTE
CODE: $data['footer'] = $this->load->controller('common/footer');
LINE: 16
----------------------------------------------------------------
2016-03-02 15:47:17 - MOD: MOD TESTE
FILE: catalog/controller/common/home.php
CODE: $data['footer'] = $this->load->controller('common/footer');
LINE: 16
----------------------------------------------------------------
MOD: Instalador sem FTP
FILE: admin/controller/extension/installer.php
CODE: public function ftp() {
LINE: 367
CODE: public function sql() {
LINE: 614
----------------------------------------------------------------
MOD: MOD TESTE
CODE: $data['footer'] = $this->load->controller('common/footer');
LINE: 16
----------------------------------------------------------------
2016-03-02 15:47:27 - MOD: MOD TESTE
FILE: catalog/controller/common/home.php
CODE: $data['footer'] = $this->load->controller('common/footer');
LINE: 16
----------------------------------------------------------------
MOD: Instalador sem FTP
FILE: admin/controller/extension/installer.php
CODE: public function ftp() {
LINE: 367
CODE: public function sql() {
LINE: 614
----------------------------------------------------------------
2016-03-02 15:47:59 - MOD: MOD TESTE
FILE: catalog/controller/common/home.php
CODE: $data['footer'] = $this->load->controller('common/footer');
LINE: 16
----------------------------------------------------------------
MOD: Instalador sem FTP
FILE: admin/controller/extension/installer.php
CODE: public function ftp() {
LINE: 367
CODE: public function sql() {
LINE: 614
----------------------------------------------------------------
2016-03-02 15:48:00 - MOD: MOD TESTE
FILE: catalog/controller/common/home.php
CODE: $data['footer'] = $this->load->controller('common/footer');
LINE: 16
----------------------------------------------------------------
MOD: Instalador sem FTP
FILE: admin/controller/extension/installer.php
CODE: public function ftp() {
LINE: 367
CODE: public function sql() {
LINE: 614
----------------------------------------------------------------
